2026-02-19 19:01:06,009 [INFO] __main__ — Iniciando proceso. PDFs encontrados: 6
2026-02-19 19:01:06,016 [INFO] __main__ — Procesando: Comunicado N° 06-26 (1).pdf
2026-02-19 19:01:06,037 [INFO] __main__ — [Comunicado N° 06-26 (1).pdf] Extractor: PluspetrolExtractor
2026-02-19 19:01:06,064 [ERROR] __main__ — Error de base de datos para PP-06/26: no such table: incidentes
2026-02-19 19:01:06,064 [INFO] __main__ — Procesando: Comunicado N° 06-26.pdf
2026-02-19 19:01:06,071 [INFO] __main__ — [Comunicado N° 06-26.pdf] Extractor: PluspetrolExtractor
2026-02-19 19:01:06,076 [ERROR] __main__ — Error de base de datos para PP-06/26: no such table: incidentes
2026-02-19 19:01:06,077 [INFO] __main__ — Procesando: IF-2026-00920377-GDEMZA-DGFA%SAYOT.pdf
2026-02-19 19:01:06,085 [WARNING] __main__ — [IF-2026-00920377-GDEMZA-DGFA%SAYOT.pdf] Formato no reconocido, se omite.
2026-02-19 19:01:06,085 [INFO] __main__ — Procesando: Incidente_CH-28.pdf
2026-02-19 19:01:06,089 [INFO] __main__ — [Incidente_CH-28.pdf] Extractor: AconcaguaExtractor
2026-02-19 19:01:06,095 [ERROR] __main__ — Error de base de datos para ACO-CH-28: no such table: incidentes
2026-02-19 19:01:06,096 [INFO] __main__ — Procesando: Nº 0000246524 - Informe Preliminar Provincial - IM - DESFILADERO BAYO.pdf
2026-02-19 19:01:06,105 [INFO] __main__ — [Nº 0000246524 - Informe Preliminar Provincial - IM - DESFILADERO BAYO.pdf] Extractor: YPFExtractor
2026-02-19 19:01:06,107 [WARNING] src.extractors.base_extractor — Coordenadas ausentes, registro rechazado.
2026-02-19 19:01:06,107 [WARNING] src.extractors.ypf — [YPF] Coordenadas inválidas en YPF-0000246524
2026-02-19 19:01:06,108 [WARNING] __main__ — [Nº 0000246524 - Informe Preliminar Provincial - IM - DESFILADERO BAYO.pdf] Sin coordenadas válidas, se omite transformación UTM.
2026-02-19 19:01:06,109 [ERROR] __main__ — Error de base de datos para YPF-0000246524: no such table: incidentes
2026-02-19 19:01:06,109 [INFO] __main__ — Procesando: Rep Preliminar Incidente Ambiental MDZ-21-2026-PCR.pdf
2026-02-19 19:01:06,119 [INFO] __main__ — [Rep Preliminar Incidente Ambiental MDZ-21-2026-PCR.pdf] Extractor: PCRExtractor
2026-02-19 19:01:06,122 [WARNING] src.extractors.base_extractor — Coordenadas ausentes, registro rechazado.
2026-02-19 19:01:06,122 [WARNING] src.extractors.pcr — [PCR] Coordenadas inválidas en PCR-MDZ-21-2025-
2026-02-19 19:01:06,124 [WARNING] __main__ — [Rep Preliminar Incidente Ambiental MDZ-21-2026-PCR.pdf] Sin coordenadas válidas, se omite transformación UTM.
2026-02-19 19:01:06,124 [ERROR] __main__ — Error de base de datos para PCR-MDZ-21-2025-: no such table: incidentes
2026-02-19 19:01:06,124 [INFO] __main__ — Proceso finalizado — Insertados: 0 | Omitidos: 1 | Errores: 5
2026-02-19 19:03:44,354 [INFO] __main__ — Base de datos lista: data\database\incidentes.db
2026-02-19 19:03:44,355 [INFO] __main__ — Iniciando proceso. PDFs encontrados: 6
2026-02-19 19:03:44,358 [INFO] __main__ — Procesando: Comunicado N° 06-26 (1).pdf
2026-02-19 19:03:44,378 [INFO] __main__ — [Comunicado N° 06-26 (1).pdf] Extractor: PluspetrolExtractor
2026-02-19 19:03:44,404 [INFO] __main__ — Procesando: Comunicado N° 06-26.pdf
2026-02-19 19:03:44,411 [INFO] __main__ — [Comunicado N° 06-26.pdf] Extractor: PluspetrolExtractor
2026-02-19 19:03:44,416 [INFO] __main__ — Duplicado ignorado: PP-06/26
2026-02-19 19:03:44,416 [INFO] __main__ — Procesando: IF-2026-00920377-GDEMZA-DGFA%SAYOT.pdf
2026-02-19 19:03:44,422 [WARNING] __main__ — [IF-2026-00920377-GDEMZA-DGFA%SAYOT.pdf] Formato no reconocido, se omite.
2026-02-19 19:03:44,422 [INFO] __main__ — Procesando: Incidente_CH-28.pdf
2026-02-19 19:03:44,426 [INFO] __main__ — [Incidente_CH-28.pdf] Extractor: AconcaguaExtractor
2026-02-19 19:03:44,431 [INFO] __main__ — Procesando: Nº 0000246524 - Informe Preliminar Provincial - IM - DESFILADERO BAYO.pdf
2026-02-19 19:03:44,438 [INFO] __main__ — [Nº 0000246524 - Informe Preliminar Provincial - IM - DESFILADERO BAYO.pdf] Extractor: YPFExtractor
2026-02-19 19:03:44,440 [WARNING] src.extractors.base_extractor — Coordenadas ausentes, registro rechazado.
2026-02-19 19:03:44,440 [WARNING] src.extractors.ypf — [YPF] Coordenadas inválidas en YPF-0000246524
2026-02-19 19:03:44,441 [WARNING] __main__ — [Nº 0000246524 - Informe Preliminar Provincial - IM - DESFILADERO BAYO.pdf] Sin coordenadas válidas, se omite transformación UTM.
2026-02-19 19:03:44,442 [INFO] __main__ — Procesando: Rep Preliminar Incidente Ambiental MDZ-21-2026-PCR.pdf
2026-02-19 19:03:44,447 [INFO] __main__ — [Rep Preliminar Incidente Ambiental MDZ-21-2026-PCR.pdf] Extractor: PCRExtractor
2026-02-19 19:03:44,449 [WARNING] src.extractors.base_extractor — Coordenadas ausentes, registro rechazado.
2026-02-19 19:03:44,449 [WARNING] src.extractors.pcr — [PCR] Coordenadas inválidas en PCR-MDZ-21-2025-
2026-02-19 19:03:44,449 [WARNING] __main__ — [Rep Preliminar Incidente Ambiental MDZ-21-2026-PCR.pdf] Sin coordenadas válidas, se omite transformación UTM.
2026-02-19 19:03:44,456 [INFO] __main__ — Proceso finalizado — Insertados: 4 | Omitidos: 1 | Errores: 1
2026-02-20 19:02:59,830 [INFO] __main__ — Base de datos lista: data\database\incidentes.db
2026-02-20 19:02:59,834 [INFO] __main__ — Iniciando proceso. PDFs encontrados: 6
2026-02-20 19:02:59,835 [INFO] __main__ — Procesando: Comunicado N° 06-26 (1).pdf
2026-02-20 19:02:59,963 [INFO] __main__ — [Comunicado N° 06-26 (1).pdf] Extractor: PluspetrolExtractor
2026-02-20 19:03:00,077 [INFO] __main__ — Duplicado ignorado: PP-06/26
2026-02-20 19:03:00,091 [INFO] __main__ — Procesando: Comunicado N° 06-26.pdf
2026-02-20 19:03:00,177 [INFO] __main__ — [Comunicado N° 06-26.pdf] Extractor: PluspetrolExtractor
2026-02-20 19:03:00,205 [INFO] __main__ — Duplicado ignorado: PP-06/26
2026-02-20 19:03:00,210 [INFO] __main__ — Procesando: IF-2026-00920377-GDEMZA-DGFA%SAYOT.pdf
2026-02-20 19:03:00,243 [WARNING] __main__ — [IF-2026-00920377-GDEMZA-DGFA%SAYOT.pdf] Formato no reconocido, se omite.
2026-02-20 19:03:00,244 [INFO] __main__ — Procesando: Incidente_CH-28.pdf
2026-02-20 19:03:00,289 [INFO] __main__ — [Incidente_CH-28.pdf] Extractor: AconcaguaExtractor
2026-02-20 19:03:00,315 [INFO] __main__ — Duplicado ignorado: ACO-CH-28
2026-02-20 19:03:00,321 [INFO] __main__ — Procesando: Nº 0000246524 - Informe Preliminar Provincial - IM - DESFILADERO BAYO.pdf
2026-02-20 19:03:00,513 [INFO] __main__ — [Nº 0000246524 - Informe Preliminar Provincial - IM - DESFILADERO BAYO.pdf] Extractor: YPFExtractor
2026-02-20 19:03:00,519 [WARNING] src.extractors.base_extractor — Coordenadas ausentes, registro rechazado.
2026-02-20 19:03:00,520 [WARNING] src.extractors.ypf — [YPF] Coordenadas inválidas en YPF-0000246524
2026-02-20 19:03:00,537 [WARNING] __main__ — [Nº 0000246524 - Informe Preliminar Provincial - IM - DESFILADERO BAYO.pdf] Sin coordenadas válidas, se omite transformación UTM.
2026-02-20 19:03:00,553 [INFO] __main__ — Duplicado ignorado: YPF-0000246524
2026-02-20 19:03:00,573 [INFO] __main__ — Procesando: Rep Preliminar Incidente Ambiental MDZ-21-2026-PCR.pdf
2026-02-20 19:03:00,629 [INFO] __main__ — [Rep Preliminar Incidente Ambiental MDZ-21-2026-PCR.pdf] Extractor: PCRExtractor
2026-02-20 19:03:00,642 [WARNING] src.extractors.base_extractor — Coordenadas ausentes, registro rechazado.
2026-02-20 19:03:00,661 [WARNING] src.extractors.pcr — [PCR] Coordenadas inválidas en PCR-MDZ-21-2025-
2026-02-20 19:03:00,688 [WARNING] __main__ — [Rep Preliminar Incidente Ambiental MDZ-21-2026-PCR.pdf] Sin coordenadas válidas, se omite transformación UTM.
2026-02-20 19:03:00,694 [INFO] __main__ — Duplicado ignorado: PCR-MDZ-21-2025-
2026-02-20 19:03:00,702 [INFO] __main__ — Proceso finalizado — Insertados: 0 | Omitidos: 1 | Errores: 5
2026-02-20 19:11:58,051 [INFO] __main__ — Base de datos lista: data\database\incidentes.db
2026-02-20 19:11:58,051 [INFO] __main__ — Iniciando proceso. PDFs encontrados: 6
2026-02-20 19:11:58,053 [INFO] __main__ — Procesando: Comunicado N° 06-26 (1).pdf
2026-02-20 19:11:58,096 [INFO] __main__ — [Comunicado N° 06-26 (1).pdf] Extractor: PluspetrolExtractor
2026-02-20 19:11:58,108 [INFO] __main__ — Procesando: Comunicado N° 06-26.pdf
2026-02-20 19:11:58,146 [INFO] __main__ — [Comunicado N° 06-26.pdf] Extractor: PluspetrolExtractor
2026-02-20 19:11:58,152 [INFO] __main__ — Duplicado ignorado: PP-06/26
2026-02-20 19:11:58,152 [INFO] __main__ — Procesando: IF-2026-00920377-GDEMZA-DGFA%SAYOT.pdf
2026-02-20 19:11:58,188 [WARNING] __main__ — [IF-2026-00920377-GDEMZA-DGFA%SAYOT.pdf] Formato no reconocido, se omite.
2026-02-20 19:11:58,188 [INFO] __main__ — Procesando: Incidente_CH-28.pdf
2026-02-20 19:11:58,233 [INFO] __main__ — [Incidente_CH-28.pdf] Extractor: AconcaguaExtractor
2026-02-20 19:11:58,244 [INFO] __main__ — Procesando: Nº 0000246524 - Informe Preliminar Provincial - IM - DESFILADERO BAYO.pdf
2026-02-20 19:11:58,359 [INFO] __main__ — [Nº 0000246524 - Informe Preliminar Provincial - IM - DESFILADERO BAYO.pdf] Extractor: YPFExtractor
2026-02-20 19:11:58,374 [INFO] __main__ — Procesando: Rep Preliminar Incidente Ambiental MDZ-21-2026-PCR.pdf
2026-02-20 19:11:58,420 [INFO] __main__ — [Rep Preliminar Incidente Ambiental MDZ-21-2026-PCR.pdf] Extractor: PCRExtractor
2026-02-20 19:11:58,439 [INFO] __main__ — Proceso finalizado — Insertados: 4 | Omitidos: 1 | Errores: 1
2026-02-20 19:41:04,439 [INFO] __main__ — Base de datos lista: data\database\incidentes.db
2026-02-20 19:41:04,440 [INFO] __main__ — Iniciando proceso. PDFs encontrados: 6
2026-02-20 19:41:04,443 [INFO] __main__ — Procesando: Comunicado N° 06-26 (1).pdf
2026-02-20 19:41:04,497 [INFO] __main__ — [Comunicado N° 06-26 (1).pdf] Extractor: PluspetrolExtractor
2026-02-20 19:41:04,509 [INFO] __main__ — Procesando: Comunicado N° 06-26.pdf
2026-02-20 19:41:04,545 [INFO] __main__ — [Comunicado N° 06-26.pdf] Extractor: PluspetrolExtractor
2026-02-20 19:41:04,557 [INFO] __main__ — Duplicado ignorado: PP-06/26
2026-02-20 19:41:04,557 [INFO] __main__ — Procesando: IF-2026-00920377-GDEMZA-DGFA%SAYOT.pdf
2026-02-20 19:41:04,598 [WARNING] __main__ — [IF-2026-00920377-GDEMZA-DGFA%SAYOT.pdf] Formato no reconocido, se omite.
2026-02-20 19:41:04,599 [INFO] __main__ — Procesando: Incidente_CH-28.pdf
2026-02-20 19:41:04,645 [INFO] __main__ — [Incidente_CH-28.pdf] Extractor: AconcaguaExtractor
2026-02-20 19:41:04,659 [INFO] __main__ — Procesando: Nº 0000246524 - Informe Preliminar Provincial - IM - DESFILADERO BAYO.pdf
2026-02-20 19:41:04,752 [INFO] __main__ — [Nº 0000246524 - Informe Preliminar Provincial - IM - DESFILADERO BAYO.pdf] Extractor: YPFExtractor
2026-02-20 19:41:04,763 [INFO] __main__ — Procesando: Rep Preliminar Incidente Ambiental MDZ-21-2026-PCR.pdf
2026-02-20 19:41:04,805 [INFO] __main__ — [Rep Preliminar Incidente Ambiental MDZ-21-2026-PCR.pdf] Extractor: PCRExtractor
2026-02-20 19:41:04,821 [INFO] __main__ — Proceso finalizado — Insertados: 4 | Omitidos: 1 | Errores: 1
2026-02-20 19:41:05,119 [INFO] __main__ — Excel exportado: data\incidentes.xlsx
2026-02-20 19:45:19,336 [INFO] __main__ — Base de datos lista: data\database\incidentes.db
2026-02-20 19:45:19,337 [INFO] __main__ — Iniciando proceso. PDFs encontrados: 6
2026-02-20 19:45:19,340 [INFO] __main__ — Procesando: Comunicado N° 06-26 (1).pdf
2026-02-20 19:45:19,366 [INFO] __main__ — [Comunicado N° 06-26 (1).pdf] Extractor: PluspetrolExtractor
2026-02-20 19:45:19,387 [ERROR] __main__ — Error de base de datos para PP-06/26: table incidentes has no column named COORDENADAS
2026-02-20 19:45:19,387 [INFO] __main__ — Procesando: Comunicado N° 06-26.pdf
2026-02-20 19:45:19,405 [INFO] __main__ — [Comunicado N° 06-26.pdf] Extractor: PluspetrolExtractor
2026-02-20 19:45:19,413 [ERROR] __main__ — Error de base de datos para PP-06/26: table incidentes has no column named COORDENADAS
2026-02-20 19:45:19,413 [INFO] __main__ — Procesando: IF-2026-00920377-GDEMZA-DGFA%SAYOT.pdf
2026-02-20 19:45:19,424 [WARNING] __main__ — [IF-2026-00920377-GDEMZA-DGFA%SAYOT.pdf] Formato no reconocido, se omite.
2026-02-20 19:45:19,424 [INFO] __main__ — Procesando: Incidente_CH-28.pdf
2026-02-20 19:45:19,430 [INFO] __main__ — [Incidente_CH-28.pdf] Extractor: AconcaguaExtractor
2026-02-20 19:45:19,441 [ERROR] __main__ — Error de base de datos para ACO-CH-28: table incidentes has no column named COORDENADAS
2026-02-20 19:45:19,441 [INFO] __main__ — Procesando: Nº 0000246524 - Informe Preliminar Provincial - IM - DESFILADERO BAYO.pdf
2026-02-20 19:45:19,455 [INFO] __main__ — [Nº 0000246524 - Informe Preliminar Provincial - IM - DESFILADERO BAYO.pdf] Extractor: YPFExtractor
2026-02-20 19:45:19,465 [ERROR] __main__ — Error de base de datos para YPF-0000246524: table incidentes has no column named COORDENADAS
2026-02-20 19:45:19,465 [INFO] __main__ — Procesando: Rep Preliminar Incidente Ambiental MDZ-21-2026-PCR.pdf
2026-02-20 19:45:19,476 [INFO] __main__ — [Rep Preliminar Incidente Ambiental MDZ-21-2026-PCR.pdf] Extractor: PCRExtractor
2026-02-20 19:45:19,486 [ERROR] __main__ — Error de base de datos para PCR-MDZ-21-2025-: table incidentes has no column named COORDENADAS
2026-02-20 19:45:19,487 [INFO] __main__ — Proceso finalizado — Insertados: 0 | Omitidos: 1 | Errores: 5
2026-02-20 19:45:19,688 [INFO] __main__ — Excel exportado: data\incidentes.xlsx
2026-02-20 19:45:59,009 [INFO] __main__ — Base de datos lista: data\database\incidentes.db
2026-02-20 19:45:59,009 [INFO] __main__ — Iniciando proceso. PDFs encontrados: 6
2026-02-20 19:45:59,011 [INFO] __main__ — Procesando: Comunicado N° 06-26 (1).pdf
2026-02-20 19:45:59,026 [INFO] __main__ — [Comunicado N° 06-26 (1).pdf] Extractor: PluspetrolExtractor
2026-02-20 19:45:59,038 [ERROR] __main__ — Error de base de datos para PP-06/26: table incidentes has no column named COORDENADAS
2026-02-20 19:45:59,038 [INFO] __main__ — Procesando: Comunicado N° 06-26.pdf
2026-02-20 19:45:59,044 [INFO] __main__ — [Comunicado N° 06-26.pdf] Extractor: PluspetrolExtractor
2026-02-20 19:45:59,049 [ERROR] __main__ — Error de base de datos para PP-06/26: table incidentes has no column named COORDENADAS
2026-02-20 19:45:59,049 [INFO] __main__ — Procesando: IF-2026-00920377-GDEMZA-DGFA%SAYOT.pdf
2026-02-20 19:45:59,054 [WARNING] __main__ — [IF-2026-00920377-GDEMZA-DGFA%SAYOT.pdf] Formato no reconocido, se omite.
2026-02-20 19:45:59,054 [INFO] __main__ — Procesando: Incidente_CH-28.pdf
2026-02-20 19:45:59,058 [INFO] __main__ — [Incidente_CH-28.pdf] Extractor: AconcaguaExtractor
2026-02-20 19:45:59,065 [ERROR] __main__ — Error de base de datos para ACO-CH-28: table incidentes has no column named COORDENADAS
2026-02-20 19:45:59,065 [INFO] __main__ — Procesando: Nº 0000246524 - Informe Preliminar Provincial - IM - DESFILADERO BAYO.pdf
2026-02-20 19:45:59,071 [INFO] __main__ — [Nº 0000246524 - Informe Preliminar Provincial - IM - DESFILADERO BAYO.pdf] Extractor: YPFExtractor
2026-02-20 19:45:59,077 [ERROR] __main__ — Error de base de datos para YPF-0000246524: table incidentes has no column named COORDENADAS
2026-02-20 19:45:59,077 [INFO] __main__ — Procesando: Rep Preliminar Incidente Ambiental MDZ-21-2026-PCR.pdf
2026-02-20 19:45:59,084 [INFO] __main__ — [Rep Preliminar Incidente Ambiental MDZ-21-2026-PCR.pdf] Extractor: PCRExtractor
2026-02-20 19:45:59,091 [ERROR] __main__ — Error de base de datos para PCR-MDZ-21-2025-: table incidentes has no column named COORDENADAS
2026-02-20 19:45:59,092 [INFO] __main__ — Proceso finalizado — Insertados: 0 | Omitidos: 1 | Errores: 5
2026-02-20 19:45:59,270 [INFO] __main__ — Excel exportado: data\incidentes.xlsx
2026-02-20 19:49:41,183 [INFO] __main__ — Base de datos lista: data\database\incidentes.db
2026-02-20 19:49:41,185 [INFO] __main__ — Iniciando proceso. PDFs encontrados: 6
2026-02-20 19:49:41,188 [INFO] __main__ — Procesando: Comunicado N° 06-26 (1).pdf
2026-02-20 19:49:41,204 [INFO] __main__ — [Comunicado N° 06-26 (1).pdf] Extractor: PluspetrolExtractor
2026-02-20 19:49:41,220 [INFO] __main__ — Procesando: Comunicado N° 06-26.pdf
2026-02-20 19:49:41,238 [INFO] __main__ — [Comunicado N° 06-26.pdf] Extractor: PluspetrolExtractor
2026-02-20 19:49:41,249 [INFO] __main__ — Duplicado ignorado: PP-06/26
2026-02-20 19:49:41,249 [INFO] __main__ — Procesando: IF-2026-00920377-GDEMZA-DGFA%SAYOT.pdf
2026-02-20 19:49:41,263 [WARNING] __main__ — [IF-2026-00920377-GDEMZA-DGFA%SAYOT.pdf] Formato no reconocido, se omite.
2026-02-20 19:49:41,264 [INFO] __main__ — Procesando: Incidente_CH-28.pdf
2026-02-20 19:49:41,278 [INFO] __main__ — [Incidente_CH-28.pdf] Extractor: AconcaguaExtractor
2026-02-20 19:49:41,300 [INFO] __main__ — Procesando: Nº 0000246524 - Informe Preliminar Provincial - IM - DESFILADERO BAYO.pdf
2026-02-20 19:49:41,322 [INFO] __main__ — [Nº 0000246524 - Informe Preliminar Provincial - IM - DESFILADERO BAYO.pdf] Extractor: YPFExtractor
2026-02-20 19:49:41,333 [INFO] __main__ — Procesando: Rep Preliminar Incidente Ambiental MDZ-21-2026-PCR.pdf
2026-02-20 19:49:41,342 [INFO] __main__ — [Rep Preliminar Incidente Ambiental MDZ-21-2026-PCR.pdf] Extractor: PCRExtractor
2026-02-20 19:49:41,357 [INFO] __main__ — Proceso finalizado — Insertados: 4 | Omitidos: 1 | Errores: 1
2026-02-20 19:49:41,526 [INFO] __main__ — Excel exportado: data\incidentes.xlsx
2026-02-20 19:57:45,678 [INFO] __main__ — Base de datos lista: data\database\incidentes.db
2026-02-20 19:57:45,679 [INFO] __main__ — Iniciando proceso. PDFs encontrados: 6
2026-02-20 19:57:45,681 [INFO] __main__ — Procesando: Comunicado N° 06-26 (1).pdf
2026-02-20 19:57:45,696 [INFO] __main__ — [Comunicado N° 06-26 (1).pdf] Extractor: PluspetrolExtractor
2026-02-20 19:57:45,709 [INFO] __main__ — Procesando: Comunicado N° 06-26.pdf
2026-02-20 19:57:45,724 [INFO] __main__ — [Comunicado N° 06-26.pdf] Extractor: PluspetrolExtractor
2026-02-20 19:57:45,732 [INFO] __main__ — Duplicado ignorado: PP-06/26
2026-02-20 19:57:45,732 [INFO] __main__ — Procesando: IF-2026-00920377-GDEMZA-DGFA%SAYOT.pdf
2026-02-20 19:57:45,740 [WARNING] __main__ — [IF-2026-00920377-GDEMZA-DGFA%SAYOT.pdf] Formato no reconocido, se omite.
2026-02-20 19:57:45,740 [INFO] __main__ — Procesando: Incidente_CH-28.pdf
2026-02-20 19:57:45,747 [INFO] __main__ — [Incidente_CH-28.pdf] Extractor: AconcaguaExtractor
2026-02-20 19:57:45,749 [INFO] src.extractors.aconcagua — [Aconcagua] Magnitud inferida por volumen: Menor (vol=1.5 m3, ppm=0.0)
2026-02-20 19:57:45,758 [INFO] __main__ — Procesando: Nº 0000246524 - Informe Preliminar Provincial - IM - DESFILADERO BAYO.pdf
2026-02-20 19:57:45,766 [INFO] __main__ — [Nº 0000246524 - Informe Preliminar Provincial - IM - DESFILADERO BAYO.pdf] Extractor: YPFExtractor
2026-02-20 19:57:45,777 [INFO] __main__ — Procesando: Rep Preliminar Incidente Ambiental MDZ-21-2026-PCR.pdf
2026-02-20 19:57:45,787 [INFO] __main__ — [Rep Preliminar Incidente Ambiental MDZ-21-2026-PCR.pdf] Extractor: PCRExtractor
2026-02-20 19:57:45,790 [INFO] src.extractors.pcr — [PCR] Magnitud inferida por volumen: Menor (vol=1.1 m3)
2026-02-20 19:57:45,804 [INFO] __main__ — Proceso finalizado — Insertados: 4 | Omitidos: 1 | Errores: 1
2026-02-20 19:57:46,074 [INFO] __main__ — Excel exportado: data\incidentes.xlsx
2026-02-20 20:00:49,445 [INFO] __main__ — Base de datos lista: data\database\incidentes.db
2026-02-20 20:00:49,445 [INFO] __main__ — Iniciando proceso. PDFs encontrados: 6
2026-02-20 20:00:49,447 [INFO] __main__ — Procesando: Comunicado N° 06-26 (1).pdf
2026-02-20 20:00:49,458 [INFO] __main__ — [Comunicado N° 06-26 (1).pdf] Extractor: PluspetrolExtractor
2026-02-20 20:00:49,478 [INFO] __main__ — Procesando: Comunicado N° 06-26.pdf
2026-02-20 20:00:49,488 [INFO] __main__ — [Comunicado N° 06-26.pdf] Extractor: PluspetrolExtractor
2026-02-20 20:00:49,496 [INFO] __main__ — Duplicado ignorado: PP-06/26
2026-02-20 20:00:49,496 [INFO] __main__ — Procesando: IF-2026-00920377-GDEMZA-DGFA%SAYOT.pdf
2026-02-20 20:00:49,503 [WARNING] __main__ — [IF-2026-00920377-GDEMZA-DGFA%SAYOT.pdf] Formato no reconocido, se omite.
2026-02-20 20:00:49,504 [INFO] __main__ — Procesando: Incidente_CH-28.pdf
2026-02-20 20:00:49,510 [INFO] __main__ — [Incidente_CH-28.pdf] Extractor: AconcaguaExtractor
2026-02-20 20:00:49,512 [INFO] src.extractors.aconcagua — [Aconcagua] Magnitud inferida por volumen: Menor (vol=1.5 m3, ppm=0.0)
2026-02-20 20:00:49,516 [INFO] __main__ — Procesando: Nº 0000246524 - Informe Preliminar Provincial - IM - DESFILADERO BAYO.pdf
2026-02-20 20:00:49,525 [INFO] __main__ — [Nº 0000246524 - Informe Preliminar Provincial - IM - DESFILADERO BAYO.pdf] Extractor: YPFExtractor
2026-02-20 20:00:49,532 [INFO] __main__ — Procesando: Rep Preliminar Incidente Ambiental MDZ-21-2026-PCR.pdf
2026-02-20 20:00:49,543 [INFO] __main__ — [Rep Preliminar Incidente Ambiental MDZ-21-2026-PCR.pdf] Extractor: PCRExtractor
2026-02-20 20:00:49,546 [INFO] src.extractors.pcr — [PCR] Magnitud inferida por volumen: Menor (vol=1.1 m3)
2026-02-20 20:00:49,558 [INFO] __main__ — Proceso finalizado — Insertados: 4 | Omitidos: 1 | Errores: 1
2026-02-20 20:00:49,823 [INFO] __main__ — Excel exportado: data\incidentes.xlsx
